# JRE version: OpenJDK Runtime Environment Zulu13.54+17-CA (13.0.14+5) (build 13.0.14+5-MTS)
# Java VM: OpenJDK 64-Bit Server VM Zulu13.54+17-CA (13.0.14+5-MTS, mixed mode, sharing, tiered, compressed oops, g1 gc, windows-amd64)
Heap:
 garbage-first heap   total 262144K, used 115585K [0x00000000e0000000, 0x0000000100000000)
  region size 1024K, 21 young (21504K), 14 survivors (14336K)
 Metaspace       used 87732K, capacity 90166K, committed 90204K, reserved 331776K
  class space    used 11742K, capacity 12563K, committed 12576K, reserved 253952K
GC Heap History (20 events):
Event: 13.921 GC heap before
{Heap before GC invocations=7 (full 0):
 garbage-first heap   total 262144K, used 71186K [0x00000000e0000000, 0x0000000100000000)
  region size 1024K, 57 young (58368K), 10 survivors (10240K)
 Metaspace       used 35085K, capacity 35989K, committed 36048K, reserved 286720K
  class space    used 4785K, capacity 5113K, committed 5152K, reserved 253952K
}
Event: 13.946 GC heap after
{Heap after GC invocations=8 (full 0):
 garbage-first heap   total 262144K, used 27076K [0x00000000e0000000, 0x0000000100000000)
  region size 1024K, 11 young (11264K), 11 survivors (11264K)
 Metaspace       used 35085K, capacity 35989K, committed 36048K, reserved 286720K
  class space    used 4785K, capacity 5113K, committed 5152K, reserved 253952K
}
Event: 29.771 GC heap before
{Heap before GC invocations=9 (full 0):
 garbage-first heap   total 262144K, used 123332K [0x00000000e0000000, 0x0000000100000000)
  region size 1024K, 100 young (102400K), 11 survivors (11264K)
 Metaspace       used 41877K, capacity 43083K, committed 43344K, reserved 292864K
  class space    used 5637K, capacity 6040K, committed 6048K, reserved 253952K
}
Event: 29.808 GC heap after
{Heap after GC invocations=10 (full 0):
 garbage-first heap   total 262144K, used 42522K [0x00000000e0000000, 0x0000000100000000)
  region size 1024K, 12 young (12288K), 12 survivors (12288K)
 Metaspace       used 41877K, capacity 43083K, committed 43344K, reserved 292864K
  class space    used 5637K, capacity 6040K, committed 6048K, reserved 253952K
}
Event: 35.731 GC heap before
{Heap before GC invocations=10 (full 0):
 garbage-first heap   total 262144K, used 167450K [0x00000000e0000000, 0x0000000100000000)
  region size 1024K, 134 young (137216K), 12 survivors (12288K)
 Metaspace       used 53524K, capacity 54880K, committed 55120K, reserved 303104K
  class space    used 7004K, capacity 7470K, committed 7584K, reserved 253952K
}
Event: 35.764 GC heap after
{Heap after GC invocations=11 (full 0):
 garbage-first heap   total 262144K, used 52544K [0x00000000e0000000, 0x0000000100000000)
  region size 1024K, 17 young (17408K), 17 survivors (17408K)
 Metaspace       used 53524K, capacity 54880K, committed 55120K, reserved 303104K
  class space    used 7004K, capacity 7470K, committed 7584K, reserved 253952K
}
Event: 36.944 GC heap before
{Heap before GC invocations=11 (full 0):
 garbage-first heap   total 262144K, used 95552K [0x00000000e0000000, 0x0000000100000000)
  region size 1024K, 60 young (61440K), 17 survivors (17408K)
 Metaspace       used 59002K, capacity 60347K, committed 60508K, reserved 307200K
  class space    used 7882K, capacity 8358K, committed 8480K, reserved 253952K
}
Event: 36.980 GC heap after
{Heap after GC invocations=12 (full 0):
 garbage-first heap   total 262144K, used 56780K [0x00000000e0000000, 0x0000000100000000)
  region size 1024K, 13 young (13312K), 13 survivors (13312K)
 Metaspace       used 59002K, capacity 60347K, committed 60508K, reserved 307200K
  class space    used 7882K, capacity 8358K, committed 8480K, reserved 253952K
}
Event: 39.277 GC heap before
{Heap before GC invocations=13 (full 0):
 garbage-first heap   total 262144K, used 153036K [0x00000000e0000000, 0x0000000100000000)
  region size 1024K, 107 young (109568K), 13 survivors (13312K)
 Metaspace       used 67175K, capacity 68691K, committed 68828K, reserved 313344K
  class space    used 9037K, capacity 9550K, committed 9632K, reserved 253952K
}
Event: 39.333 GC heap after
{Heap after GC invocations=14 (full 0):
 garbage-first heap   total 262144K, used 62168K [0x00000000e0000000, 0x0000000100000000)
  region size 1024K, 9 young (9216K), 9 survivors (9216K)
 Metaspace       used 67175K, capacity 68691K, committed 68828K, reserved 313344K
  class space    used 9037K, capacity 9550K, committed 9632K, reserved 253952K
}
Event: 44.256 GC heap before
{Heap before GC invocations=15 (full 0):
 garbage-first heap   total 262144K, used 163544K [0x00000000e0000000, 0x0000000100000000)
  region size 1024K, 108 young (110592K), 9 survivors (9216K)
 Metaspace       used 70928K, capacity 72599K, committed 72924K, reserved 317440K
  class space    used 9470K, capacity 10050K, committed 10144K, reserved 253952K
}
Event: 44.293 GC heap after
{Heap after GC invocations=16 (full 0):
 garbage-first heap   total 262144K, used 69410K [0x00000000e0000000, 0x0000000100000000)
  region size 1024K, 13 young (13312K), 13 survivors (13312K)
 Metaspace       used 70928K, capacity 72599K, committed 72924K, reserved 317440K
  class space    used 9470K, capacity 10050K, committed 10144K, reserved 253952K
}
Event: 46.976 GC heap before
{Heap before GC invocations=16 (full 0):
 garbage-first heap   total 262144K, used 173858K [0x00000000e0000000, 0x0000000100000000)
  region size 1024K, 115 young (117760K), 13 survivors (13312K)
 Metaspace       used 72340K, capacity 74194K, committed 74332K, reserved 319488K
  class space    used 9623K, capacity 10234K, committed 10272K, reserved 253952K
}
Event: 47.016 GC heap after
{Heap after GC invocations=17 (full 0):
 garbage-first heap   total 262144K, used 80820K [0x00000000e0000000, 0x0000000100000000)
  region size 1024K, 15 young (15360K), 15 survivors (15360K)
 Metaspace       used 72340K, capacity 74194K, committed 74332K, reserved 319488K
  class space    used 9623K, capacity 10234K, committed 10272K, reserved 253952K
}
Event: 53.844 GC heap before
{Heap before GC invocations=17 (full 0):
 garbage-first heap   total 262144K, used 182196K [0x00000000e0000000, 0x0000000100000000)
  region size 1024K, 114 young (116736K), 15 survivors (15360K)
 Metaspace       used 78043K, capacity 80037K, committed 80220K, reserved 323584K
  class space    used 10310K, capacity 10982K, committed 11040K, reserved 253952K
}
Event: 53.936 GC heap after
{Heap after GC invocations=18 (full 0):
 garbage-first heap   total 262144K, used 86913K [0x00000000e0000000, 0x0000000100000000)
  region size 1024K, 6 young (6144K), 6 survivors (6144K)
 Metaspace       used 78043K, capacity 80037K, committed 80220K, reserved 323584K
  class space    used 10310K, capacity 10982K, committed 11040K, reserved 253952K
}
Event: 64.028 GC heap before
{Heap before GC invocations=18 (full 0):
 garbage-first heap   total 262144K, used 187265K [0x00000000e0000000, 0x0000000100000000)
  region size 1024K, 105 young (107520K), 6 survivors (6144K)
 Metaspace       used 81244K, capacity 83383K, committed 83548K, reserved 327680K
  class space    used 10780K, capacity 11500K, committed 11552K, reserved 253952K
}
Event: 64.051 GC heap after
{Heap after GC invocations=19 (full 0):
 garbage-first heap   total 262144K, used 97792K [0x00000000e0000000, 0x0000000100000000)
  region size 1024K, 14 young (14336K), 14 survivors (14336K)
 Metaspace       used 81244K, capacity 83383K, committed 83548K, reserved 327680K
  class space    used 10780K, capacity 11500K, committed 11552K, reserved 253952K
}
Event: 65.192 GC heap before
{Heap before GC invocations=19 (full 0):
 garbage-first heap   total 262144K, used 194048K [0x00000000e0000000, 0x0000000100000000)
  region size 1024K, 109 young (111616K), 14 survivors (14336K)
 Metaspace       used 87162K, capacity 89483K, committed 89692K, reserved 331776K
  class space    used 11675K, capacity 12488K, committed 12576K, reserved 253952K
}
Event: 65.320 GC heap after
{Heap after GC invocations=20 (full 0):
 garbage-first heap   total 262144K, used 109441K [0x00000000e0000000, 0x0000000100000000)
  region size 1024K, 14 young (14336K), 14 survivors (14336K)
 Metaspace       used 87162K, capacity 89483K, committed 89692K, reserved 331776K
  class space    used 11675K, capacity 12488K, committed 12576K, reserved 253952K
}

